[debug] [2024-11-23T21:23:49.218Z] ----------------------------------------------------------------------
[debug] [2024-11-23T21:23:49.220Z] Command:       C:\Program Files\nodejs\node.exe C:\Users\User\AppData\Roaming\npm\node_modules\firebase-tools\lib\bin\firebase.js init
[debug] [2024-11-23T21:23:49.220Z] CLI Version:   13.20.1
[debug] [2024-11-23T21:23:49.221Z] Platform:      win32
[debug] [2024-11-23T21:23:49.221Z] Node Version:  v18.20.4
[debug] [2024-11-23T21:23:49.221Z] Time:          Sat Nov 23 2024 18:23:49 GMT-0300 (Horário Padrão de Brasília)
[debug] [2024-11-23T21:23:49.222Z] ----------------------------------------------------------------------
[debug] 
[debug] [2024-11-23T21:23:49.225Z] >>> [apiv2][query] GET https://firebase-public.firebaseio.com/cli.json [none]
[debug] [2024-11-23T21:23:49.327Z] > command requires scopes: ["email","openid","https://www.googleapis.com/auth/cloudplatformprojects.readonly","https://www.googleapis.com/auth/firebase","https://www.googleapis.com/auth/cloud-platform"]
[debug] [2024-11-23T21:23:49.327Z] > authorizing via signed-in user (conectaorixi@gmail.com)
[info] 
     ######## #### ########  ######## ########     ###     ######  ########
     ##        ##  ##     ## ##       ##     ##  ##   ##  ##       ##
     ######    ##  ########  ######   ########  #########  ######  ######
     ##        ##  ##    ##  ##       ##     ## ##     ##       ## ##
     ##       #### ##     ## ######## ########  ##     ##  ######  ########

You're about to initialize a Firebase project in this directory:

  C:\Users\User

Before we get started, keep in mind:

  * You are initializing within an existing Firebase project directory

[debug] [2024-11-23T21:23:50.027Z] <<< [apiv2][status] GET https://firebase-public.firebaseio.com/cli.json 200
[debug] [2024-11-23T21:23:50.027Z] <<< [apiv2][body] GET https://firebase-public.firebaseio.com/cli.json {"cloudBuildErrorAfter":1594252800000,"cloudBuildWarnAfter":1590019200000,"defaultNode10After":1594252800000,"minVersion":"3.0.5","node8DeploysDisabledAfter":1613390400000,"node8RuntimeDisabledAfter":1615809600000,"node8WarnAfter":1600128000000}
